2024-08-27 22:21:04,642:INFO:Starting test automation
2024-08-27 22:21:04,642:INFO:reading test cases from excel file
2024-08-27 22:21:04,880:INFO:executing the case id : 0
2024-08-27 22:21:04,880:INFO:Function testcase_0 does not exist or is not callable.
2024-08-27 22:21:04,880:INFO:executing the case id : 0
2024-08-27 22:21:04,880:INFO:Function testcase_0 does not exist or is not callable.
2024-08-27 22:21:04,880:INFO:executing the case id : 0
2024-08-27 22:21:04,880:INFO:Function testcase_0 does not exist or is not callable.
2024-08-27 22:21:04,880:INFO:executing the case id : 0
2024-08-27 22:21:04,880:INFO:Function testcase_0 does not exist or is not callable.
2024-08-27 22:21:04,880:INFO:executing the case id : 0
2024-08-27 22:21:04,880:INFO:Function testcase_0 does not exist or is not callable.
2024-08-27 22:21:04,880:INFO:executing the case id : 0
2024-08-27 22:21:04,880:INFO:Function testcase_0 does not exist or is not callable.
2024-08-27 22:21:04,880:INFO:executing the case id : 0
2024-08-27 22:21:04,880:INFO:Function testcase_0 does not exist or is not callable.
2024-08-27 22:21:04,880:INFO:executing the case id : 0
2024-08-27 22:21:04,880:INFO:Function testcase_0 does not exist or is not callable.
2024-08-27 22:21:04,880:INFO:executing the case id : 0
2024-08-27 22:21:04,880:INFO:Function testcase_0 does not exist or is not callable.
2024-08-27 22:21:04,880:INFO:executing the case id : 0
2024-08-27 22:21:04,880:INFO:Function testcase_0 does not exist or is not callable.
2024-08-27 22:21:04,880:INFO:executing the case id : 0
2024-08-27 22:21:04,880:INFO:Function testcase_0 does not exist or is not callable.
2024-08-27 22:21:04,880:INFO:executing the case id : 0
2024-08-27 22:21:04,880:INFO:Function testcase_0 does not exist or is not callable.
2024-08-27 22:21:04,880:INFO:executing the case id : 0
2024-08-27 22:21:04,880:INFO:Function testcase_0 does not exist or is not callable.
2024-08-27 22:21:04,880:INFO:executing the case id : 0
2024-08-27 22:21:04,880:INFO:Function testcase_0 does not exist or is not callable.
2024-08-27 22:21:04,880:INFO:executing the case id : 0
2024-08-27 22:21:04,880:INFO:Function testcase_0 does not exist or is not callable.
2024-08-27 22:21:04,880:INFO:executing the case id : 16
2024-08-27 22:21:04,880:INFO:Initiating the wev driver
2024-08-27 22:21:19,095:INFO:calling function according the test casse id: 16
2024-08-27 22:21:25,647:INFO:Clicking on the submit button
2024-08-27 22:21:25,899:INFO:the submit button clicked properly
2024-08-27 22:21:58,791:INFO:inside not coupon
2024-08-27 22:22:08,722:INFO:message='Request to Stripe api' method=get url=https://api.stripe.com/v1/charges/ch_3PsSc700YaJGfbxs0rpPeKCv
2024-08-27 22:22:09,647:INFO:message='Stripe API response' path=https://api.stripe.com/v1/charges/ch_3PsSc700YaJGfbxs0rpPeKCv response_code=200
2024-08-27 22:22:09,647:INFO:inside payment history
2024-08-27 22:22:09,661:INFO:deducted amount is 150.0 for transaction ch_3PsSc700YaJGfbxs0rpPeKCv
2024-08-27 22:22:09,661:INFO:Result form payment Case Pass, the deducted amount is as per the calculation
2024-08-27 22:22:09,661:INFO:second parameter form payment ch_3PsSc700YaJGfbxs0rpPeKCv
2024-08-27 22:22:09,661:INFO:message='Request to Stripe api' method=get url=https://api.stripe.com/v1/charges/ch_3PsSc700YaJGfbxs0rpPeKCv
2024-08-27 22:22:10,087:INFO:message='Stripe API response' path=https://api.stripe.com/v1/charges/ch_3PsSc700YaJGfbxs0rpPeKCv response_code=200
2024-08-27 22:22:10,087:INFO:message='Request to Stripe api' method=get url=https://api.stripe.com/v1/subscription_schedules?customer=cus_QjwVULvbDOj6Ar
2024-08-27 22:22:10,498:INFO:message='Stripe API response' path=https://api.stripe.com/v1/subscription_schedules?customer=cus_QjwVULvbDOj6Ar response_code=200
2024-08-27 22:22:10,507:INFO:message='Request to Stripe api' method=get url=https://api.stripe.com/v1/prices/plan_Qj1G8xuaYf9xIn
2024-08-27 22:22:10,899:INFO:message='Stripe API response' path=https://api.stripe.com/v1/prices/plan_Qj1G8xuaYf9xIn response_code=200
2024-08-27 22:22:10,904:INFO:Result form payment Case passed, the subscription is created with expected amount 150
2024-08-27 22:22:10,904:INFO:second parameter form payment 150
2024-08-27 22:22:13,998:INFO:executing the case id : 0
2024-08-27 22:22:13,998:INFO:Function testcase_0 does not exist or is not callable.
2024-08-27 22:22:13,998:INFO:executing the case id : 0
2024-08-27 22:22:13,998:INFO:Function testcase_0 does not exist or is not callable.
2024-08-27 22:22:13,998:INFO:executing the case id : 0
2024-08-27 22:22:13,998:INFO:Function testcase_0 does not exist or is not callable.
2024-08-27 22:22:13,998:INFO:executing the case id : 0
2024-08-27 22:22:13,998:INFO:Function testcase_0 does not exist or is not callable.
2024-08-27 22:22:13,998:INFO:executing the case id : 0
2024-08-27 22:22:13,998:INFO:Function testcase_0 does not exist or is not callable.
2024-08-27 22:22:13,998:INFO:executing the case id : 0
2024-08-27 22:22:13,998:INFO:Function testcase_0 does not exist or is not callable.
2024-08-27 22:22:13,998:INFO:executing the case id : 0
2024-08-27 22:22:13,998:INFO:Function testcase_0 does not exist or is not callable.
2024-08-27 22:22:13,998:INFO:executing the case id : 0
2024-08-27 22:22:13,998:INFO:Function testcase_0 does not exist or is not callable.
2024-08-27 22:22:18,073:INFO:Test automation completed
